2023-08-18 15:36:39.319  INFO 6352 --- [main] c.e.bookStore.BookStoreApplication       : Starting BookStoreApplication using Java 11.0.19 on DESKTOP-CQJLOM0 with PID 6352 (F:\Menna's projects\Book_Store Project\BookStore\target\classes started by Administrator in F:\Menna's projects\Book_Store Project\BookStore)
2023-08-18 15:36:39.369 DEBUG 6352 --- [main] c.e.bookStore.BookStoreApplication       : Running with Spring Boot v2.7.14, Spring v5.3.29
2023-08-18 15:36:39.370  INFO 6352 --- [main] c.e.bookStore.BookStoreApplication       : No active profile set, falling back to 1 default profile: "default"
2023-08-18 15:36:44.408  INFO 6352 --- [main] .s.d.r.c.RepositoryConfigurationDelegate : Bootstrapping Spring Data JPA repositories in DEFAULT mode.
2023-08-18 15:36:44.629  INFO 6352 --- [main] .s.d.r.c.RepositoryConfigurationDelegate : Finished Spring Data repository scanning in 195 ms. Found 2 JPA repository interfaces.
2023-08-18 15:36:47.571  INFO 6352 --- [main] o.s.b.w.embedded.tomcat.TomcatWebServer  : Tomcat initialized with port(s): 8080 (http)
2023-08-18 15:36:47.616  INFO 6352 --- [main] o.apache.catalina.core.StandardService   : Starting service [Tomcat]
2023-08-18 15:36:47.616  INFO 6352 --- [main] org.apache.catalina.core.StandardEngine  : Starting Servlet engine: [Apache Tomcat/9.0.78]
2023-08-18 15:36:48.090  INFO 6352 --- [main] o.a.c.c.C.[Tomcat].[localhost].[/]       : Initializing Spring embedded WebApplicationContext
2023-08-18 15:36:48.090  INFO 6352 --- [main] w.s.c.ServletWebServerApplicationContext : Root WebApplicationContext: initialization completed in 8335 ms
2023-08-18 15:36:49.643  INFO 6352 --- [main] o.hibernate.jpa.internal.util.LogHelper  : HHH000204: Processing PersistenceUnitInfo [name: default]
2023-08-18 15:36:50.161  INFO 6352 --- [main] org.hibernate.Version                    : HHH000412: Hibernate ORM core version 5.6.15.Final
2023-08-18 15:36:52.873  INFO 6352 --- [main] o.hibernate.annotations.common.Version   : HCANN000001: Hibernate Commons Annotations {5.1.2.Final}
2023-08-18 15:36:53.374  INFO 6352 --- [main] com.zaxxer.hikari.HikariDataSource       : HikariPool-1 - Starting...
2023-08-18 15:36:56.683  INFO 6352 --- [main] com.zaxxer.hikari.HikariDataSource       : HikariPool-1 - Start completed.
2023-08-18 15:36:56.914  INFO 6352 --- [main] org.hibernate.dialect.Dialect            : HHH000400: Using dialect: org.hibernate.dialect.MySQL8Dialect
2023-08-18 15:37:00.324  INFO 6352 --- [main] o.h.e.t.j.p.i.JtaPlatformInitiator       : HHH000490: Using JtaPlatform implementation: [org.hibernate.engine.transaction.jta.platform.internal.NoJtaPlatform]
2023-08-18 15:37:00.343  INFO 6352 --- [main] j.LocalContainerEntityManagerFactoryBean : Initialized JPA EntityManagerFactory for persistence unit 'default'
2023-08-18 15:37:01.602  WARN 6352 --- [main] JpaBaseConfiguration$JpaWebConfiguration : spring.jpa.open-in-view is enabled by default. Therefore, database queries may be performed during view rendering. Explicitly configure spring.jpa.open-in-view to disable this warning
2023-08-18 15:37:03.043  WARN 6352 --- [main] .s.s.UserDetailsServiceAutoConfiguration : 

Using generated security password: 5dfaf524-50ac-4c61-8170-6588fb376de7

This generated password is for development use only. Your security configuration must be updated before running your application in production.

2023-08-18 15:37:03.578  INFO 6352 --- [main] o.s.b.a.e.web.EndpointLinksResolver      : Exposing 14 endpoint(s) beneath base path '/actuator'
2023-08-18 15:37:03.634  INFO 6352 --- [main] o.s.s.web.DefaultSecurityFilterChain     : Will secure any request with [org.springframework.security.web.session.DisableEncodeUrlFilter@3f2feab7, org.springframework.security.web.context.request.async.WebAsyncManagerIntegrationFilter@8b71052, org.springframework.security.web.context.SecurityContextPersistenceFilter@3cf1b5fb, org.springframework.security.web.header.HeaderWriterFilter@15d68a50, org.springframework.web.filter.CorsFilter@2738a1fc, org.springframework.security.web.csrf.CsrfFilter@1c000c2f, org.springframework.security.web.authentication.logout.LogoutFilter@1aba8978, org.springframework.security.web.authentication.UsernamePasswordAuthenticationFilter@481f698f, org.springframework.security.web.authentication.ui.DefaultLoginPageGeneratingFilter@9fd5dd0, org.springframework.security.web.authentication.ui.DefaultLogoutPageGeneratingFilter@6d7d0946, org.springframework.security.web.authentication.www.BasicAuthenticationFilter@5d3d5242, org.springframework.security.web.savedrequest.RequestCacheAwareFilter@7be85f15, org.springframework.security.web.servletapi.SecurityContextHolderAwareRequestFilter@48619f15, org.springframework.security.web.authentication.AnonymousAuthenticationFilter@2dc72c0c, org.springframework.security.web.session.SessionManagementFilter@4bb644dc, org.springframework.security.web.access.ExceptionTranslationFilter@1e4bf55b, org.springframework.security.web.access.intercept.FilterSecurityInterceptor@6e0dec27]
2023-08-18 15:37:03.897  INFO 6352 --- [main] o.s.b.w.embedded.tomcat.TomcatWebServer  : Tomcat started on port(s): 8080 (http) with context path ''
2023-08-18 15:37:03.937  INFO 6352 --- [main] c.e.bookStore.BookStoreApplication       : Started BookStoreApplication in 26.45 seconds (JVM running for 29.711)
2023-08-18 15:37:13.059  INFO 6352 --- [SpringApplicationShutdownHook] j.LocalContainerEntityManagerFactoryBean : Closing JPA EntityManagerFactory for persistence unit 'default'
2023-08-18 15:37:13.088  INFO 6352 --- [SpringApplicationShutdownHook] com.zaxxer.hikari.HikariDataSource       : HikariPool-1 - Shutdown initiated...
2023-08-18 15:37:13.109  INFO 6352 --- [SpringApplicationShutdownHook] com.zaxxer.hikari.HikariDataSource       : HikariPool-1 - Shutdown completed.
